0 info it worked if it ends with ok
1 verbose cli [ '/Users/jh/.nvm/versions/node/v6.3.1/bin/node',
1 verbose cli   '/Users/jh/.nvm/versions/node/v6.3.1/bin/npm',
1 verbose cli   'run',
1 verbose cli   'dev' ]
2 info using npm@3.10.3
3 info using node@v6.3.1
4 verbose stack Error: Invalid name: "learn webpack"
4 verbose stack     at ensureValidName (/Users/jh/.nvm/versions/node/v6.3.1/lib/node_modules/npm/node_modules/normalize-package-data/lib/fixer.js:336:15)
4 verbose stack     at Object.module.exports.fixNameField (/Users/jh/.nvm/versions/node/v6.3.1/lib/node_modules/npm/node_modules/normalize-package-data/lib/fixer.js:215:5)
4 verbose stack     at /Users/jh/.nvm/versions/node/v6.3.1/lib/node_modules/npm/node_modules/normalize-package-data/lib/normalize.js:32:38
4 verbose stack     at Array.forEach (native)
4 verbose stack     at normalize (/Users/jh/.nvm/versions/node/v6.3.1/lib/node_modules/npm/node_modules/normalize-package-data/lib/normalize.js:31:15)
4 verbose stack     at final (/Users/jh/.nvm/versions/node/v6.3.1/lib/node_modules/npm/node_modules/read-package-json/read-json.js:349:5)
4 verbose stack     at then (/Users/jh/.nvm/versions/node/v6.3.1/lib/node_modules/npm/node_modules/read-package-json/read-json.js:124:5)
4 verbose stack     at ReadFileContext.<anonymous> (/Users/jh/.nvm/versions/node/v6.3.1/lib/node_modules/npm/node_modules/read-package-json/read-json.js:295:20)
4 verbose stack     at ReadFileContext.callback (/Users/jh/.nvm/versions/node/v6.3.1/lib/node_modules/npm/node_modules/graceful-fs/graceful-fs.js:78:16)
4 verbose stack     at FSReqWrap.readFileAfterOpen [as oncomplete] (fs.js:365:13)
5 verbose cwd /Users/jh/temp/webpack
6 error Darwin 15.6.0
7 error argv "/Users/jh/.nvm/versions/node/v6.3.1/bin/node" "/Users/jh/.nvm/versions/node/v6.3.1/bin/npm" "run" "dev"
8 error node v6.3.1
9 error npm  v3.10.3
10 error Invalid name: "learn webpack"
11 error If you need help, you may report this error at:
11 error     <https://github.com/npm/npm/issues>
12 verbose exit [ 1, true ]
